0 info it worked if it ends with ok
1 verbose cli [ 'C:\\Program Files (x86)\\nodejs\\node.exe',
1 verbose cli   'C:\\Users\\HP\\AppData\\Roaming\\npm\\node_modules\\npm\\bin\\npm-cli.js',
1 verbose cli   'install',
1 verbose cli   'mysql' ]
2 info using npm@3.10.9
3 info using node@v8.6.0
4 verbose config Skipping project config: C:\Users\HP/.npmrc. (matches userconfig)
5 silly loadCurrentTree Starting
6 silly install loadCurrentTree
7 silly install readLocalPackageData
8 silly fetchPackageMetaData mysql
9 silly fetchNamedPackageData mysql
10 silly mapToRegistry name mysql
11 silly mapToRegistry using default registry
12 silly mapToRegistry registry https://registry.npmjs.org/
13 silly mapToRegistry data Result {
13 silly mapToRegistry   raw: 'mysql',
13 silly mapToRegistry   scope: null,
13 silly mapToRegistry   escapedName: 'mysql',
13 silly mapToRegistry   name: 'mysql',
13 silly mapToRegistry   rawSpec: '',
13 silly mapToRegistry   spec: 'latest',
13 silly mapToRegistry   type: 'tag' }
14 silly mapToRegistry uri https://registry.npmjs.org/mysql
15 verbose request uri https://registry.npmjs.org/mysql
16 verbose request no auth needed
17 info attempt registry request try #1 at 12:17:23
18 verbose request id b2017feb7449fc85
19 verbose etag W/"59931486-23390"
20 verbose lastModified Tue, 15 Aug 2017 15:34:30 GMT
21 http request GET https://registry.npmjs.org/mysql
22 info retry will retry, error on last attempt: Error: getaddrinfo ENOTFOUND registry.npmjs.org registry.npmjs.org:443
23 info attempt registry request try #2 at 12:17:45
24 verbose etag W/"59931486-23390"
25 verbose lastModified Tue, 15 Aug 2017 15:34:30 GMT
26 http request GET https://registry.npmjs.org/mysql
27 http 200 https://registry.npmjs.org/mysql
28 verbose headers { 'content-type': 'application/json; charset=UTF-8',
28 verbose headers   server: 'UploadServer',
28 verbose headers   'cache-control': 'max-age=300',
28 verbose headers   'last-modified': 'Thu, 15 Mar 2018 10:25:58 GMT',
28 verbose headers   etag: '"5aaa4a36-24a17"',
28 verbose headers   'x-npm-region': 'South-Africa',
28 verbose headers   'content-encoding': 'gzip',
28 verbose headers   'content-length': '29066',
28 verbose headers   'accept-ranges': 'bytes',
28 verbose headers   date: 'Mon, 02 Apr 2018 09:17:54 GMT',
28 verbose headers   via: '1.1 varnish',
28 verbose headers   age: '7207',
28 verbose headers   connection: 'keep-alive',
28 verbose headers   'x-served-by': 'cache-cpt19523-CPT',
28 verbose headers   'x-cache': 'HIT',
28 verbose headers   'x-cache-hits': '1',
28 verbose headers   'x-timer': 'S1522660674.459896,VS0,VE2',
28 verbose headers   vary: 'Accept-Encoding, Accept' }
29 silly get cb [ 200,
29 silly get   { 'content-type': 'application/json; charset=UTF-8',
29 silly get     server: 'UploadServer',
29 silly get     'cache-control': 'max-age=300',
29 silly get     'last-modified': 'Thu, 15 Mar 2018 10:25:58 GMT',
29 silly get     etag: '"5aaa4a36-24a17"',
29 silly get     'x-npm-region': 'South-Africa',
29 silly get     'content-encoding': 'gzip',
29 silly get     'content-length': '29066',
29 silly get     'accept-ranges': 'bytes',
29 silly get     date: 'Mon, 02 Apr 2018 09:17:54 GMT',
29 silly get     via: '1.1 varnish',
29 silly get     age: '7207',
29 silly get     connection: 'keep-alive',
29 silly get     'x-served-by': 'cache-cpt19523-CPT',
29 silly get     'x-cache': 'HIT',
29 silly get     'x-cache-hits': '1',
29 silly get     'x-timer': 'S1522660674.459896,VS0,VE2',
29 silly get     vary: 'Accept-Encoding, Accept' } ]
30 verbose get saving mysql to C:\Users\HP\AppData\Roaming\npm-cache\registry.npmjs.org\mysql\.cache.json
31 verbose correctMkdir C:\Users\HP\AppData\Roaming\npm-cache correctMkdir not in flight; initializing
32 silly install normalizeTree
33 silly loadCurrentTree Finishing
34 silly loadIdealTree Starting
35 silly install loadIdealTree
36 silly cloneCurrentTree Starting
37 silly install cloneCurrentTreeToIdealTree
38 silly cloneCurrentTree Finishing
39 silly loadShrinkwrap Starting
40 silly install loadShrinkwrap
41 silly loadShrinkwrap Finishing
42 silly loadAllDepsIntoIdealTree Starting
43 silly install loadAllDepsIntoIdealTree
44 silly resolveWithNewModule mysql@2.15.0 checking installable status
45 silly cache add args [ 'mysql', null ]
46 verbose cache add spec mysql
47 silly cache add parsed spec Result {
47 silly cache add   raw: 'mysql',
47 silly cache add   scope: null,
47 silly cache add   escapedName: 'mysql',
47 silly cache add   name: 'mysql',
47 silly cache add   rawSpec: '',
47 silly cache add   spec: 'latest',
47 silly cache add   type: 'tag' }
48 silly addNamed mysql@latest
49 verbose addNamed "latest" is being treated as a dist-tag for mysql
50 info addNameTag [ 'mysql', 'latest' ]
51 silly mapToRegistry name mysql
52 silly mapToRegistry using default registry
53 silly mapToRegistry registry https://registry.npmjs.org/
54 silly mapToRegistry data Result {
54 silly mapToRegistry   raw: 'mysql',
54 silly mapToRegistry   scope: null,
54 silly mapToRegistry   escapedName: 'mysql',
54 silly mapToRegistry   name: 'mysql',
54 silly mapToRegistry   rawSpec: '',
54 silly mapToRegistry   spec: 'latest',
54 silly mapToRegistry   type: 'tag' }
55 silly mapToRegistry uri https://registry.npmjs.org/mysql
56 verbose addNameTag registry:https://registry.npmjs.org/mysql not in flight; fetching
57 verbose get https://registry.npmjs.org/mysql not expired, no request
58 silly addNameTag next cb for mysql with tag latest
59 silly addNamed mysql@2.15.0
60 verbose addNamed "2.15.0" is a plain semver version for mysql
61 silly mapToRegistry name mysql
62 silly mapToRegistry using default registry
63 silly mapToRegistry registry https://registry.npmjs.org/
64 silly mapToRegistry data Result {
64 silly mapToRegistry   raw: 'mysql',
64 silly mapToRegistry   scope: null,
64 silly mapToRegistry   escapedName: 'mysql',
64 silly mapToRegistry   name: 'mysql',
64 silly mapToRegistry   rawSpec: '',
64 silly mapToRegistry   spec: 'latest',
64 silly mapToRegistry   type: 'tag' }
65 silly mapToRegistry uri https://registry.npmjs.org/mysql
66 verbose addRemoteTarball https://registry.npmjs.org/mysql/-/mysql-2.15.0.tgz not in flight; adding
67 verbose addRemoteTarball [ 'https://registry.npmjs.org/mysql/-/mysql-2.15.0.tgz',
67 verbose addRemoteTarball   'ea16841156343e8f2e47fc8985ec41cdd9573b5c' ]
68 info retry fetch attempt 1 at 12:18:03
69 info attempt registry request try #1 at 12:18:03
70 http fetch GET https://registry.npmjs.org/mysql/-/mysql-2.15.0.tgz
71 http fetch 200 https://registry.npmjs.org/mysql/-/mysql-2.15.0.tgz
72 silly fetchAndShaCheck shasum ea16841156343e8f2e47fc8985ec41cdd9573b5c
73 verbose addTmpTarball C:\Users\HP\AppData\Local\Temp\npm-6044-36e82a71\registry.npmjs.org\mysql\-\mysql-2.15.0.tgz not in flight; adding
74 verbose addTmpTarball already have metadata; skipping unpack for mysql@2.15.0
75 verbose correctMkdir C:\Users\HP\AppData\Roaming\npm-cache correctMkdir not in flight; initializing
76 silly cache afterAdd mysql@2.15.0
77 verbose afterAdd C:\Users\HP\AppData\Roaming\npm-cache\mysql\2.15.0\package\package.json not in flight; writing
78 verbose correctMkdir C:\Users\HP\AppData\Roaming\npm-cache correctMkdir not in flight; initializing
79 verbose afterAdd C:\Users\HP\AppData\Roaming\npm-cache\mysql\2.15.0\package\package.json written
80 silly fetchNamedPackageData bignumber.js
81 silly mapToRegistry name bignumber.js
82 silly mapToRegistry using default registry
83 silly mapToRegistry registry https://registry.npmjs.org/
84 silly mapToRegistry data Result {
84 silly mapToRegistry   raw: 'bignumber.js',
84 silly mapToRegistry   scope: null,
84 silly mapToRegistry   escapedName: 'bignumber.js',
84 silly mapToRegistry   name: 'bignumber.js',
84 silly mapToRegistry   rawSpec: '',
84 silly mapToRegistry   spec: 'latest',
84 silly mapToRegistry   type: 'tag' }
85 silly mapToRegistry uri https://registry.npmjs.org/bignumber.js
86 silly fetchNamedPackageData readable-stream
87 silly mapToRegistry name readable-stream
88 silly mapToRegistry using default registry
89 silly mapToRegistry registry https://registry.npmjs.org/
90 silly mapToRegistry data Result {
90 silly mapToRegistry   raw: 'readable-stream',
90 silly mapToRegistry   scope: null,
90 silly mapToRegistry   escapedName: 'readable-stream',
90 silly mapToRegistry   name: 'readable-stream',
90 silly mapToRegistry   rawSpec: '',
90 silly mapToRegistry   spec: 'latest',
90 silly mapToRegistry   type: 'tag' }
91 silly mapToRegistry uri https://registry.npmjs.org/readable-stream
92 silly fetchNamedPackageData safe-buffer
93 silly mapToRegistry name safe-buffer
94 silly mapToRegistry using default registry
95 silly mapToRegistry registry https://registry.npmjs.org/
96 silly mapToRegistry data Result {
96 silly mapToRegistry   raw: 'safe-buffer',
96 silly mapToRegistry   scope: null,
96 silly mapToRegistry   escapedName: 'safe-buffer',
96 silly mapToRegistry   name: 'safe-buffer',
96 silly mapToRegistry   rawSpec: '',
96 silly mapToRegistry   spec: 'latest',
96 silly mapToRegistry   type: 'tag' }
97 silly mapToRegistry uri https://registry.npmjs.org/safe-buffer
98 silly fetchNamedPackageData sqlstring
99 silly mapToRegistry name sqlstring
100 silly mapToRegistry using default registry
101 silly mapToRegistry registry https://registry.npmjs.org/
102 silly mapToRegistry data Result {
102 silly mapToRegistry   raw: 'sqlstring',
102 silly mapToRegistry   scope: null,
102 silly mapToRegistry   escapedName: 'sqlstring',
102 silly mapToRegistry   name: 'sqlstring',
102 silly mapToRegistry   rawSpec: '',
102 silly mapToRegistry   spec: 'latest',
102 silly mapToRegistry   type: 'tag' }
103 silly mapToRegistry uri https://registry.npmjs.org/sqlstring
104 verbose request uri https://registry.npmjs.org/safe-buffer
105 verbose request no auth needed
106 info attempt registry request try #1 at 12:18:20
107 verbose etag W/"5a1d0fa9-7a5b"
108 verbose lastModified Tue, 28 Nov 2017 07:26:33 GMT
109 http request GET https://registry.npmjs.org/safe-buffer
110 verbose request uri https://registry.npmjs.org/sqlstring
111 verbose request no auth needed
112 info attempt registry request try #1 at 12:18:20
113 verbose etag W/"5950f686-4124"
114 verbose lastModified Mon, 26 Jun 2017 11:56:54 GMT
115 http request GET https://registry.npmjs.org/sqlstring
116 verbose request uri https://registry.npmjs.org/readable-stream
117 verbose request no auth needed
118 info attempt registry request try #1 at 12:18:20
119 verbose etag W/"59ca4e44-19872"
120 verbose lastModified Tue, 26 Sep 2017 12:55:32 GMT
121 http request GET https://registry.npmjs.org/readable-stream
122 verbose request uri https://registry.npmjs.org/bignumber.js
123 verbose request no auth needed
124 info attempt registry request try #1 at 12:18:20
125 verbose etag W/"597a482d-e2cf"
126 verbose lastModified Thu, 27 Jul 2017 20:08:13 GMT
127 http request GET https://registry.npmjs.org/bignumber.js
128 info retry will retry, error on last attempt: Error: read ECONNRESET
129 info retry will retry, error on last attempt: Error: getaddrinfo ENOTFOUND registry.npmjs.org registry.npmjs.org:443
130 info retry will retry, error on last attempt: Error: getaddrinfo ENOTFOUND registry.npmjs.org registry.npmjs.org:443
131 info retry will retry, error on last attempt: Error: getaddrinfo ENOTFOUND registry.npmjs.org registry.npmjs.org:443
132 verbose stack Error: kill ENOSYS
132 verbose stack     at Object._errnoException (util.js:1019:11)
132 verbose stack     at process.kill (internal/process.js:180:18)
132 verbose stack     at process.listener (C:\Users\HP\AppData\Roaming\npm\node_modules\npm\node_modules\npmlog\node_modules\gauge\node_modules\signal-exit\index.js:86:15)
132 verbose stack     at emitNone (events.js:110:20)
132 verbose stack     at process.emit (events.js:207:7)
132 verbose stack     at processEmit (C:\Users\HP\AppData\Roaming\npm\node_modules\npm\node_modules\npmlog\node_modules\gauge\node_modules\signal-exit\index.js:146:32)
132 verbose stack     at processEmit (C:\Users\HP\AppData\Roaming\npm\node_modules\npm\node_modules\npm-registry-client\node_modules\npmlog\node_modules\gauge\node_modules\signal-exit\index.js:146:32)
132 verbose stack     at Signal.wrap.onsignal (internal/process.js:205:44)
133 verbose cwd C:\Users\HP\Desktop\myClinicServer
134 error Windows_NT 6.1.7601
135 error argv "C:\\Program Files (x86)\\nodejs\\node.exe" "C:\\Users\\HP\\AppData\\Roaming\\npm\\node_modules\\npm\\bin\\npm-cli.js" "install" "mysql"
136 error node v8.6.0
137 error npm  v3.10.9
138 error code ENOSYS
139 error errno ENOSYS
140 error syscall kill
141 error kill ENOSYS
142 error If you need help, you may report this error at:
142 error     <https://github.com/npm/npm/issues>
143 verbose exit [ 1, true ]
